15:43:31 **** Incremental Build of configuration Debug for project Data_storage_F446RE ****
make -j16 all 
arm-none-eabi-gcc "../Core/Src/fatfs_sd.c" -mcpu=cortex-m4 -std=gnu11 -g3 -DDEBUG -DUSE_HAL_DRIVER -DSTM32F446xx -c -I../Core/Inc -I../Drivers/STM32F4xx_HAL_Driver/Inc -I../Drivers/STM32F4xx_HAL_Driver/Inc/Legacy -I../Drivers/CMSIS/Device/ST/STM32F4xx/Include -I../Drivers/CMSIS/Include -I../FATFS/Target -I../FATFS/App -I../Middlewares/Third_Party/FatFs/src -O0 -ffunction-sections -fdata-sections -Wall -fstack-usage -MMD -MP -MF"Core/Src/fatfs_sd.d" -MT"Core/Src/fatfs_sd.o" --specs=nano.specs -mfpu=fpv4-sp-d16 -mfloat-abi=hard -mthumb -o "Core/Src/fatfs_sd.o"
arm-none-eabi-gcc -o "Data_storage_F446RE.elf" @"objects.list"   -mcpu=cortex-m4 -T"C:\Users\student\STM32CubeIDE\workspace_1.8.1\Data_storage_F446RE\STM32F446RETX_FLASH.ld" --specs=nosys.specs -Wl,-Map="Data_storage_F446RE.map" -Wl,--gc-sections -static --specs=nano.specs -mfpu=fpv4-sp-d16 -mfloat-abi=hard -mthumb -Wl,--start-group -lc -lm -Wl,--end-group
c:\st\stm32cubeide_1.8.0\stm32cubeide\plugins\com.st.stm32cube.ide.mcu.externaltools.gnu-tools-for-stm32.10.3-2021.10.win32_1.0.100.202210260954\tools\arm-none-eabi\bin\ld.exe: ./Core/Src/fatfs_sd.o: in function `SD_ReadyWait':
C:/Users/student/STM32CubeIDE/workspace_1.8.1/Data_storage_F446RE/Debug/../Core/Src/fatfs_sd.c:89: undefined reference to `Timer2'
c:\st\stm32cubeide_1.8.0\stm32cubeide\plugins\com.st.stm32cube.ide.mcu.externaltools.gnu-tools-for-stm32.10.3-2021.10.win32_1.0.100.202210260954\tools\arm-none-eabi\bin\ld.exe: ./Core/Src/fatfs_sd.o: in function `SD_RxDataBlock':
C:/Users/student/STM32CubeIDE/workspace_1.8.1/Data_storage_F446RE/Debug/../Core/Src/fatfs_sd.c:167: undefined reference to `Timer1'
c:\st\stm32cubeide_1.8.0\stm32cubeide\plugins\com.st.stm32cube.ide.mcu.externaltools.gnu-tools-for-stm32.10.3-2021.10.win32_1.0.100.202210260954\tools\arm-none-eabi\bin\ld.exe: ./Core/Src/fatfs_sd.o: in function `SD_disk_initialize':
C:/Users/student/STM32CubeIDE/workspace_1.8.1/Data_storage_F446RE/Debug/../Core/Src/fatfs_sd.c:349: undefined reference to `Timer1'
collect2.exe: error: ld returned 1 exit status
make: *** [makefile:68: Data_storage_F446RE.elf] Error 1
"make -j16 all" terminated with exit code 2. Build might be incomplete.

15:43:31 Build Failed. 7 errors, 0 warnings. (took 541ms)

